Determining if the pthread_create exist failed with the following output:
Change Dir: /home2/jjlee/Docker/NiftyPETd/NIMPA/build/CMakeFiles/CMakeTmp

Run Build Command:"/bin/gmake" "cmTC_6d193/fast"
/bin/gmake -f CMakeFiles/cmTC_6d193.dir/build.make CMakeFiles/cmTC_6d193.dir/build
gmake[1]: Entering directory `/home2/jjlee/Docker/NiftyPETd/NIMPA/build/CMakeFiles/CMakeTmp'
Building C object CMakeFiles/cmTC_6d193.dir/CheckSymbolExists.c.o
/bin/cc   -fPIC    -o CMakeFiles/cmTC_6d193.dir/CheckSymbolExists.c.o   -c /home2/jjlee/Docker/NiftyPETd/NIMPA/build/CMakeFiles/CMakeTmp/CheckSymbolExists.c
Linking C executable cmTC_6d193
/usr/bin/cmake3 -E cmake_link_script CMakeFiles/cmTC_6d193.dir/link.txt --verbose=1
/bin/cc -fPIC     -rdynamic CMakeFiles/cmTC_6d193.dir/CheckSymbolExists.c.o  -o cmTC_6d193 
CMakeFiles/cmTC_6d193.dir/CheckSymbolExists.c.o: In function `main':
CheckSymbolExists.c:(.text+0x1b): undefined reference to `pthread_create'
collect2: error: ld returned 1 exit status
gmake[1]: *** [cmTC_6d193] Error 1
gmake[1]: Leaving directory `/home2/jjlee/Docker/NiftyPETd/NIMPA/build/CMakeFiles/CMakeTmp'
gmake: *** [cmTC_6d193/fast] Error 2

File /home2/jjlee/Docker/NiftyPETd/NIMPA/build/CMakeFiles/CMakeTmp/CheckSymbolExists.c:
/* */
#include <pthread.h>

int main(int argc, char** argv)
{
  (void)argv;
#ifndef pthread_create
  return ((int*)(&pthread_create))[argc];
#else
  (void)argc;
  return 0;
#endif
}

Determining if the function pthread_create exists in the pthreads failed with the following output:
Change Dir: /home2/jjlee/Docker/NiftyPETd/NIMPA/build/CMakeFiles/CMakeTmp

Run Build Command:"/bin/gmake" "cmTC_cbe9b/fast"
/bin/gmake -f CMakeFiles/cmTC_cbe9b.dir/build.make CMakeFiles/cmTC_cbe9b.dir/build
gmake[1]: Entering directory `/home2/jjlee/Docker/NiftyPETd/NIMPA/build/CMakeFiles/CMakeTmp'
Building C object CMakeFiles/cmTC_cbe9b.dir/CheckFunctionExists.c.o
/bin/cc   -fPIC -DCHECK_FUNCTION_EXISTS=pthread_create   -o CMakeFiles/cmTC_cbe9b.dir/CheckFunctionExists.c.o   -c /usr/share/cmake3/Modules/CheckFunctionExists.c
Linking C executable cmTC_cbe9b
/usr/bin/cmake3 -E cmake_link_script CMakeFiles/cmTC_cbe9b.dir/link.txt --verbose=1
/bin/cc -fPIC -DCHECK_FUNCTION_EXISTS=pthread_create    -rdynamic CMakeFiles/cmTC_cbe9b.dir/CheckFunctionExists.c.o  -o cmTC_cbe9b -lpthreads 
/bin/ld: cannot find -lpthreads
collect2: error: ld returned 1 exit status
gmake[1]: *** [cmTC_cbe9b] Error 1
gmake[1]: Leaving directory `/home2/jjlee/Docker/NiftyPETd/NIMPA/build/CMakeFiles/CMakeTmp'
gmake: *** [cmTC_cbe9b/fast] Error 2


